<?xml version="1.0" encoding="utf-8"?><testsuites name="pytest tests"><testsuite name="pytest" errors="0" failures="0" skipped="0" tests="19" time="4.600" timestamp="2026-06-04T03:55:21.590625+00:00" hostname="agent-env-d226321c-aebf-4b98-8acb-0a80c059ca59"><testcase classname="backend.tests.test_iter3_roles_export.TestAuthRoles" name="test_owner_login" time="0.715" /><testcase classname="backend.tests.test_iter3_roles_export.TestAuthRoles" name="test_hr_login" time="0.502" /><testcase classname="backend.tests.test_iter3_roles_export.TestAuthRoles" name="test_legacy_admin_removed" time="0.134" /><testcase classname="backend.tests.test_iter3_roles_export.TestStaffGating" name="test_admin_live_owner" time="0.145" /><testcase classname="backend.tests.test_iter3_roles_export.TestStaffGating" name="test_admin_live_hr" time="0.146" /><testcase classname="backend.tests.test_iter3_roles_export.TestStaffGating" name="test_admin_live_employee_forbidden" time="0.458" /><testcase classname="backend.tests.test_iter3_roles_export.TestStaffGating" name="test_admin_updates_employee_forbidden" time="0.113" /><testcase classname="backend.tests.test_iter3_roles_export.TestStaffGating" name="test_admin_attendance_owner" time="0.149" /><testcase classname="backend.tests.test_iter3_roles_export.TestRemovedFeatures" name="test_venues_removed" time="0.110" /><testcase classname="backend.tests.test_iter3_roles_export.TestRemovedFeatures" name="test_jobs_removed" time="0.098" /><testcase classname="backend.tests.test_iter3_roles_export.TestRemovedFeatures" name="test_jobs_post_removed" time="0.099" /><testcase classname="backend.tests.test_iter3_roles_export.TestAnalyticsPivot" name="test_analytics_keys_owner" time="0.102" /><testcase classname="backend.tests.test_iter3_roles_export.TestAnalyticsPivot" name="test_analytics_hr" time="0.149" /><testcase classname="backend.tests.test_iter3_roles_export.TestAnalyticsPivot" name="test_analytics_employee_forbidden" time="0.102" /><testcase classname="backend.tests.test_iter3_roles_export.TestPdfExport" name="test_export_owner_returns_pdf" time="0.489" /><testcase classname="backend.tests.test_iter3_roles_export.TestPdfExport" name="test_export_hr_returns_pdf" time="0.117" /><testcase classname="backend.tests.test_iter3_roles_export.TestPdfExport" name="test_export_employee_forbidden" time="0.091" /><testcase classname="backend.tests.test_iter3_roles_export.TestPdfExport" name="test_export_unauth" time="0.294" /><testcase classname="backend.tests.test_iter3_roles_export.TestHrCanManageEmployees" name="test_hr_can_create_and_delete_employee" time="0.524" /></testsuite></testsuites>