<?xml version="1.0" encoding="utf-8"?><testsuites name="pytest tests"><testsuite name="pytest" errors="0" failures="0" skipped="0" tests="19" time="3.992" timestamp="2026-06-04T03:38:04.972433+00:00" hostname="agent-env-d226321c-aebf-4b98-8acb-0a80c059ca59"><testcase classname="backend.tests.test_new_features.TestVenues" name="test_create_venue" time="0.676" /><testcase classname="backend.tests.test_new_features.TestVenues" name="test_list_venues_admin" time="0.137" /><testcase classname="backend.tests.test_new_features.TestVenues" name="test_list_venues_employee_allowed" time="0.535" /><testcase classname="backend.tests.test_new_features.TestVenues" name="test_create_venue_requires_admin" time="0.112" /><testcase classname="backend.tests.test_new_features.TestVenues" name="test_update_venue" time="0.100" /><testcase classname="backend.tests.test_new_features.TestVenues" name="test_delete_venue" time="0.194" /><testcase classname="backend.tests.test_new_features.TestJobs" name="test_create_job" time="0.246" /><testcase classname="backend.tests.test_new_features.TestJobs" name="test_list_jobs_admin_sees_all" time="0.170" /><testcase classname="backend.tests.test_new_features.TestJobs" name="test_list_jobs_employee_sees_assigned" time="0.114" /><testcase classname="backend.tests.test_new_features.TestJobs" name="test_admin_update_status" time="0.132" /><testcase classname="backend.tests.test_new_features.TestJobs" name="test_invalid_status_rejected" time="0.093" /><testcase classname="backend.tests.test_new_features.TestJobs" name="test_employee_can_update_status_only" time="0.097" /><testcase classname="backend.tests.test_new_features.TestJobs" name="test_create_job_requires_admin" time="0.152" /><testcase classname="backend.tests.test_new_features.TestJobs" name="test_delete_job" time="0.216" /><testcase classname="backend.tests.test_new_features.TestAnalytics" name="test_analytics_admin" time="0.112" /><testcase classname="backend.tests.test_new_features.TestAnalytics" name="test_analytics_requires_admin" time="0.122" /><testcase classname="backend.tests.test_new_features.TestDeleteUpdate" name="test_employee_creates_then_deletes_own" time="0.302" /><testcase classname="backend.tests.test_new_features.TestDeleteUpdate" name="test_admin_can_delete_any_update" time="0.289" /><testcase classname="backend.tests.test_new_features.TestDeleteUpdate" name="test_delete_unknown_update_404" time="0.103" /></testsuite></testsuites>